Flow report for multiplier_troubleshooting
Sun Oct 29 13:32:26 2023
Quartus Prime Version 20.1.1 Build 720 11/11/2020 SJ Lite Edition


---------------------
; Table of Contents ;
---------------------
  1. Legal Notice
  2. Flow Summary
  3. Flow Settings
  4. Flow Non-Default Global Settings
  5. Flow Elapsed Time
  6. Flow OS Summary
  7. Flow Log
  8. Flow Messages
  9. Flow Suppressed Messages



----------------
; Legal Notice ;
----------------
Copyright (C) 2020  Intel Corporation. All rights reserved.
Your use of Intel Corporation's design tools, logic functions 
and other software and tools, and any partner logic 
functions, and any output files from any of the foregoing 
(including device programming or simulation files), and any 
associated documentation or information are expressly subject 
to the terms and conditions of the Intel Program License 
Subscription Agreement, the Intel Quartus Prime License Agreement,
the Intel FPGA IP License Agreement, or other applicable license
agreement, including, without limitation, that your use is for
the sole purpose of programming logic devices manufactured by
Intel and sold by Intel or its authorized distributors.  Please
refer to the applicable agreement for further details, at
https://fpgasoftware.intel.com/eula.



+----------------------------------------------------------------------------------+
; Flow Summary                                                                     ;
+------------------------------------+---------------------------------------------+
; Flow Status                        ; Successful - Sun Oct 29 13:32:26 2023       ;
; Quartus Prime Version              ; 20.1.1 Build 720 11/11/2020 SJ Lite Edition ;
; Revision Name                      ; multiplier_troubleshooting                  ;
; Top-level Entity Name              ; MultFP32                                    ;
; Family                             ; MAX 10                                      ;
; Device                             ; 10M50DAF484C6GES                            ;
; Timing Models                      ; Preliminary                                 ;
; Total logic elements               ; 335 / 49,760 ( < 1 % )                      ;
;     Total combinational functions  ; 238 / 49,760 ( < 1 % )                      ;
;     Dedicated logic registers      ; 303 / 49,760 ( < 1 % )                      ;
; Total registers                    ; 303                                         ;
; Total pins                         ; 98 / 360 ( 27 % )                           ;
; Total virtual pins                 ; 0                                           ;
; Total memory bits                  ; 0 / 1,677,312 ( 0 % )                       ;
; Embedded Multiplier 9-bit elements ; 7 / 288 ( 2 % )                             ;
; Total PLLs                         ; 0 / 4 ( 0 % )                               ;
; UFM blocks                         ; 0 / 1 ( 0 % )                               ;
; ADC blocks                         ; 0 / 2 ( 0 % )                               ;
+------------------------------------+---------------------------------------------+


+------------------------------------------------+
; Flow Settings                                  ;
+-------------------+----------------------------+
; Option            ; Setting                    ;
+-------------------+----------------------------+
; Start date & time ; 10/29/2023 13:31:37        ;
; Main task         ; Compilation                ;
; Revision Name     ; multiplier_troubleshooting ;
+-------------------+----------------------------+


+-------------------------------------------------------------------------------------------------------------------------------------------------------------+
; Flow Non-Default Global Settings                                                                                                                            ;
+-------------------------------------+----------------------------------------+----------------------------+-------------+-----------------------------------+
; Assignment Name                     ; Value                                  ; Default Value              ; Entity Name ; Section Id                        ;
+-------------------------------------+----------------------------------------+----------------------------+-------------+-----------------------------------+
; COMPILER_SIGNATURE_ID               ; 17613682322845.169860069717552         ; --                         ; --          ; --                                ;
; EDA_GENERATE_FUNCTIONAL_NETLIST     ; Off                                    ; --                         ; --          ; eda_board_design_timing           ;
; EDA_GENERATE_FUNCTIONAL_NETLIST     ; Off                                    ; --                         ; --          ; eda_board_design_boundary_scan    ;
; EDA_GENERATE_FUNCTIONAL_NETLIST     ; Off                                    ; --                         ; --          ; eda_board_design_signal_integrity ;
; EDA_GENERATE_FUNCTIONAL_NETLIST     ; Off                                    ; --                         ; --          ; eda_board_design_symbol           ;
; EDA_OUTPUT_DATA_FORMAT              ; Vhdl                                   ; --                         ; --          ; eda_simulation                    ;
; EDA_SIMULATION_TOOL                 ; ModelSim-Altera (VHDL)                 ; <None>                     ; --          ; --                                ;
; EDA_TIME_SCALE                      ; 1 ps                                   ; --                         ; --          ; eda_simulation                    ;
; MISC_FILE                           ; MultFP32.cmp                           ; --                         ; --          ; --                                ;
; MISC_FILE                           ; MultFP32_sim/dspba_library_package.vhd ; --                         ; --          ; --                                ;
; MISC_FILE                           ; MultFP32_sim/dspba_library.vhd         ; --                         ; --          ; --                                ;
; MISC_FILE                           ; MultFP32_sim/MultFP32.vhd              ; --                         ; --          ; --                                ;
; PARTITION_COLOR                     ; -- (Not supported for targeted family) ; --                         ; MultFP32    ; Top                               ;
; PARTITION_FITTER_PRESERVATION_LEVEL ; -- (Not supported for targeted family) ; --                         ; MultFP32    ; Top                               ;
; PARTITION_NETLIST_TYPE              ; -- (Not supported for targeted family) ; --                         ; MultFP32    ; Top                               ;
; PROJECT_OUTPUT_DIRECTORY            ; output_files                           ; --                         ; --          ; --                                ;
; SPD_FILE                            ; MultFP32.spd                           ; --                         ; --          ; --                                ;
; SYNTHESIS_ONLY_QIP                  ; On                                     ; --                         ; --          ; --                                ;
; TOP_LEVEL_ENTITY                    ; MultFP32                               ; multiplier_troubleshooting ; --          ; --                                ;
+-------------------------------------+----------------------------------------+----------------------------+-------------+-----------------------------------+


+--------------------------------------------------------------------------------------------------------------------------+
; Flow Elapsed Time                                                                                                        ;
+----------------------+--------------+-------------------------+---------------------+------------------------------------+
; Module Name          ; Elapsed Time ; Average Processors Used ; Peak Virtual Memory ; Total CPU Time (on all processors) ;
+----------------------+--------------+-------------------------+---------------------+------------------------------------+
; Analysis & Synthesis ; 00:00:11     ; 1.0                     ; 4810 MB             ; 00:00:23                           ;
; Fitter               ; 00:00:23     ; 1.0                     ; 5650 MB             ; 00:00:28                           ;
; Assembler            ; 00:00:03     ; 1.0                     ; 4694 MB             ; 00:00:03                           ;
; Timing Analyzer      ; 00:00:05     ; 1.1                     ; 4823 MB             ; 00:00:05                           ;
; EDA Netlist Writer   ; 00:00:01     ; 1.0                     ; 4642 MB             ; 00:00:01                           ;
; Total                ; 00:00:43     ; --                      ; --                  ; 00:01:00                           ;
+----------------------+--------------+-------------------------+---------------------+------------------------------------+


+------------------------------------------------------------------------------------+
; Flow OS Summary                                                                    ;
+----------------------+------------------+------------+------------+----------------+
; Module Name          ; Machine Hostname ; OS Name    ; OS Version ; Processor type ;
+----------------------+------------------+------------+------------+----------------+
; Analysis & Synthesis ; VENOM-OMEN       ; Windows 10 ; 10.0       ; x86_64         ;
; Fitter               ; VENOM-OMEN       ; Windows 10 ; 10.0       ; x86_64         ;
; Assembler            ; VENOM-OMEN       ; Windows 10 ; 10.0       ; x86_64         ;
; Timing Analyzer      ; VENOM-OMEN       ; Windows 10 ; 10.0       ; x86_64         ;
; EDA Netlist Writer   ; VENOM-OMEN       ; Windows 10 ; 10.0       ; x86_64         ;
+----------------------+------------------+------------+------------+----------------+


------------
; Flow Log ;
------------
quartus_map --read_settings_files=on --write_settings_files=off multiplier_troubleshooting -c multiplier_troubleshooting
quartus_fit --read_settings_files=off --write_settings_files=off multiplier_troubleshooting -c multiplier_troubleshooting
quartus_asm --read_settings_files=off --write_settings_files=off multiplier_troubleshooting -c multiplier_troubleshooting
quartus_sta multiplier_troubleshooting -c multiplier_troubleshooting
quartus_eda --read_settings_files=off --write_settings_files=off multiplier_troubleshooting -c multiplier_troubleshooting



